10:18:29.948>  \r \n+CFUN: 1 \r \n
10:18:30.011>  \r \n+CPIN: NOT INSERTED \r \n
10:18:30.135> ate1 \r
10:18:30.260>  \r \nOK \r \n
10:18:30.260> [+] ate1
10:18:30.260> at+cmee=2 \r
10:18:30.385>  \r \nOK \r \n
10:18:30.385> [+] at+cmee=2
10:18:30.385>  \r \n+CPINDS: READY \r \n
10:18:30.510> at+gmm \r
10:18:30.635>  \r \nSIMCOM_SIM868 \r \n
10:18:30.635>  \r \nOK \r \n
10:18:30.759> [+] at+gmm
10:18:30.759> D_GMM: SIMCOM_SIM868
10:18:30.759> at+gmr \r
10:18:30.822>  \r \nRevision:1418B01SIM868M32_BT_DS_20170224_1036 \r \n
10:18:30.884>  \r \nOK \r \n
10:18:31.009> [+] at+gmr
10:18:31.009> D__GMR: 1418B01SIM868M32_BT_DS_20170224_1036
10:18:31.009> at+gsn \r
10:18:31.134>  \r \n861510030110734 \r \n
10:18:31.134>  \r \nOK \r \n